{"uuid":"ef941eff-6247-4ed4-8c7c-0d21c7ade67e","historyId":"c31f208cbff1adde19628bd0ed083ec8","fullName":"MealPlanTest.AddItemMealPlanTest","labels":[{"name":"package","value":"MealPlanTest"},{"name":"testClass","value":"MealPlanTest"},{"name":"testMethod","value":"AddItemMealPlanTest"},{"name":"parentSuite","value":"Surefire suite"},{"name":"suite","value":"Surefire test"},{"name":"subSuite","value":"MealPlanTest"},{"name":"host","value":"FVFDN4SYP3XY"},{"name":"thread","value":"87883@FVFDN4SYP3XY.TestNG-test=Surefire test-1(28)"},{"name":"feature","value":"Test Meal Plan"}],"links":[],"name":"Add item to mealplan","status":"broken","statusDetails":{"known":false,"muted":false,"flaky":false,"message":"could not access constructor: private java.lang.AssertionError(java.lang.String) with arguments: [1 expectation failed.\nExpected status code <200> but was <404>.\n] reason: java.lang.IllegalAccessException: class org.codehaus.groovy.reflection.CachedConstructor cannot access a member of class java.lang.AssertionError (in module java.base) with modifiers \"private\"","trace":"groovy.lang.GroovyRuntimeException: could not access constructor: private java.lang.AssertionError(java.lang.String) with arguments: [1 expectation failed.\nExpected status code <200> but was <404>.\n] reason: java.lang.IllegalAccessException: class org.codehaus.groovy.reflection.CachedConstructor cannot access a member of class java.lang.AssertionError (in module java.base) with modifiers \"private\"\n\tat org.codehaus.groovy.reflection.CachedConstructor.createException(CachedConstructor.java:103)\n\tat org.codehaus.groovy.reflection.CachedConstructor.invoke(CachedConstructor.java:89)\n\tat org.codehaus.groovy.reflection.CachedConstructor.doConstructorInvoke(CachedConstructor.java:77)\n\tat org.codehaus.groovy.runtime.callsite.ConstructorSite$ConstructorSiteNoUnwrap.callConstructor(ConstructorSite.java:84)\n\tat org.codehaus.groovy.runtime.callsite.CallSiteArray.defaultCallConstructor(CallSiteArray.java:59)\n\tat org.codehaus.groovy.runtime.callsite.AbstractCallSite.callConstructor(AbstractCallSite.java:238)\n\tat org.codehaus.groovy.runtime.callsite.AbstractCallSite.callConstructor(AbstractCallSite.java:250)\n\tat io.restassured.internal.ResponseSpecificationImpl$HamcrestAssertionClosure.validate(ResponseSpecificationImpl.groovy:494)\n\tat io.restassured.internal.ResponseSpecificationImpl$HamcrestAssertionClosure$validate$1.call(Unknown Source)\n\tat org.codehaus.groovy.runtime.callsite.CallSiteArray.defaultCall(CallSiteArray.java:47)\n\tat org.codehaus.groovy.runtime.callsite.AbstractCallSite.call(AbstractCallSite.java:116)\n\tat org.codehaus.groovy.runtime.callsite.AbstractCallSite.call(AbstractCallSite.java:128)\n\tat io.restassured.internal.ResponseSpecificationImpl.validateResponseIfRequired(ResponseSpecificationImpl.groovy:656)\n\tat java.base/jdk.internal.reflect.DirectMethodHandleAccessor.invoke(DirectMethodHandleAccessor.java:103)\n\tat java.base/java.lang.reflect.Method.invoke(Method.java:580)\n\tat org.codehaus.groovy.runtime.callsite.PogoMetaMethodSite$PogoCachedMethodSiteNoUnwrapNoCoerce.invoke(PogoMetaMethodSite.java:210)\n\tat org.codehaus.groovy.runtime.callsite.PogoMetaMethodSite.callCurrent(PogoMetaMethodSite.java:59)\n\tat org.codehaus.groovy.runtime.callsite.CallSiteArray.defaultCallCurrent(CallSiteArray.java:51)\n\tat org.codehaus.groovy.runtime.callsite.AbstractCallSite.callCurrent(AbstractCallSite.java:157)\n\tat org.codehaus.groovy.runtime.callsite.AbstractCallSite.callCurrent(AbstractCallSite.java:169)\n\tat io.restassured.internal.ResponseSpecificationImpl.statusCode(ResponseSpecificationImpl.groovy:125)\n\tat io.restassured.specification.ResponseSpecification$statusCode$0.callCurrent(Unknown Source)\n\tat org.codehaus.groovy.runtime.callsite.CallSiteArray.defaultCallCurrent(CallSiteArray.java:51)\n\tat org.codehaus.groovy.runtime.callsite.AbstractCallSite.callCurrent(AbstractCallSite.java:157)\n\tat org.codehaus.groovy.runtime.callsite.AbstractCallSite.callCurrent(AbstractCallSite.java:169)\n\tat io.restassured.internal.ResponseSpecificationImpl.statusCode(ResponseSpecificationImpl.groovy:133)\n\tat io.restassured.internal.ValidatableResponseOptionsImpl.statusCode(ValidatableResponseOptionsImpl.java:119)\n\tat MealPlanTest.AddItemMealPlanTest(MealPlanTest.java:76)\n\tat java.base/jdk.internal.reflect.DirectMethodHandleAccessor.invoke(DirectMethodHandleAccessor.java:103)\n\tat java.base/java.lang.reflect.Method.invoke(Method.java:580)\n\tat org.testng.internal.MethodInvocationHelper.invokeMethod(MethodInvocationHelper.java:124)\n\tat org.testng.internal.Invoker.invokeMethod(Invoker.java:571)\n\tat org.testng.internal.Invoker.invokeTestMethod(Invoker.java:707)\n\tat org.testng.internal.Invoker.invokeTestMethods(Invoker.java:979)\n\tat org.testng.internal.TestMethodWorker.invokeTestMethods(TestMethodWorker.java:125)\n\tat org.testng.internal.TestMethodWorker.run(TestMethodWorker.java:109)\n\tat java.base/java.util.concurrent.ThreadPoolExecutor.runWorker(ThreadPoolExecutor.java:1144)\n\tat java.base/java.util.concurrent.ThreadPoolExecutor$Worker.run(ThreadPoolExecutor.java:642)\n\tat java.base/java.lang.Thread.run(Thread.java:1583)\n"},"stage":"finished","start":1712143120029,"stop":1712143125872,"attachments":[{"name":"Request","source":"56601e7c-d22f-4869-8a17-7c768732b26f-attachment.html","type":"text/html"},{"name":"Request","source":"84149ec0-0fc5-40c9-b4bc-f89aba8b90b1-attachment.html","type":"text/html"},{"name":"HTTP/1.1 404 Not Found","source":"30a88dcc-3e86-4a63-8763-fc83842cfd6f-attachment.html","type":"text/html"},{"name":"HTTP/1.1 404 Not Found","source":"fd455338-a423-4eab-8a69-cbdf79f7e008-attachment.html","type":"text/html"}],"parameters":[]}